<?xml version="1.0" encoding="UTF-8"?>
<!-- Generated by org.testng.reporters.JUnitReportReporter -->
<testsuite hostname="DN013" failures="0" tests="3" name="tests.Tests" time="7.905" errors="0" timestamp="2024-10-16T17:13:29 CLST" skipped="0">
  <testcase classname="tests.Tests" name="pruebaDos" time="3.325"/>
  <testcase classname="tests.Tests" name="pruebaTituloEnUsuario" time="2.265"/>
  <testcase classname="tests.Tests" name="pruebaUno" time="2.315"/>
</testsuite> <!-- tests.Tests -->
