<?xml version="1.0" encoding="UTF-8"?>
<!-- Generated by org.testng.reporters.JUnitReportReporter -->
<testsuite hostname="DN013" failures="0" tests="3" name="tests.Tests" time="12.208" errors="0" timestamp="2024-10-16T11:31:34 CLST" skipped="0">
  <testcase classname="tests.Tests" name="pruebaUno" time="6.189"/>
  <testcase classname="tests.Tests" name="pruebaCantidadDeCampos" time="2.952"/>
  <testcase classname="tests.Tests" name="pruebaDos" time="3.067"/>
</testsuite> <!-- tests.Tests -->
